<?xml version="1.0" encoding="UTF-8"?>
<!-- Generated by org.testng.reporters.JUnitXMLReporter -->
<testsuite hostname="Tonimas-MacBook-Air.local" ignored="2" name="testNg Fetures" tests="8" failures="0" timestamp="30 Aug 2017 19:34:05 GMT" time="0.102" errors="0">
  <testcase name="f1" time="0.018" classname="TestNG.TestGrouping"/>
  <testcase name="f2" time="0.013" classname="TestNG.TestGrouping"/>
  <testcase name="f3" time="0.001" classname="TestNG.TestGrouping"/>
  <testcase name="f5" time="0.005" classname="TestNG.TestGrouping"/>
  <testcase name="g1" time="0.001" classname="TestNG.TestGroupingNew"/>
  <testcase name="g2" time="0.001" classname="TestNG.TestGroupingNew"/>
  <testcase name="g4" time="0.001" classname="TestNG.TestGroupingNew"/>
  <testcase name="g5" time="0.004" classname="TestNG.TestGroupingNew"/>
  <testcase name="f4" time="0.0" classname="TestNG.TestGrouping">
    <ignored/>
  </testcase> <!-- f4 -->
  <testcase name="g3" time="0.0" classname="TestNG.TestGroupingNew">
    <ignored/>
  </testcase> <!-- g3 -->
</testsuite> <!-- testNg Fetures -->
